# JRE version: Java(TM) SE Runtime Environment (19.0.1+10) (build 19.0.1+10-21)
# Java VM: Java HotSpot(TM) 64-Bit Server VM (19.0.1+10-21, mixed mode, emulated-client, sharing, tiered, compressed oops, compressed class ptrs, g1 gc, windows-amd64)
GC Precious Log:
 CardTable entry size: 512
 Card Set container configuration: InlinePtr #cards 5 size 8 Array Of Cards #cards 12 size 40 Howl #buckets 4 coarsen threshold 1843 Howl Bitmap #cards 512 size 80 coarsen threshold 460 Card regions per heap region 1 cards per card region 2048
 CPUs: 12 total, 12 available
 Memory: 7863M
 Large Page Support: Disabled
 NUMA Support: Disabled
 Compressed Oops: Enabled (32-bit)
 Heap Region Size: 1M
 Heap Min Capacity: 8M
 Heap Initial Capacity: 124M
 Heap Max Capacity: 1966M
 Pre-touch: Disabled
 Parallel Workers: 10
 Concurrent Workers: 3
 Concurrent Refinement Workers: 10
 Periodic GC: Disabled
Heap:
 garbage-first heap   total 92160K, used 41040K [0x0000000085200000, 0x0000000100000000)
  region size 1024K, 11 young (11264K), 6 survivors (6144K)
 Metaspace       used 73845K, committed 74688K, reserved 1114112K
  class space    used 10545K, committed 10944K, reserved 1048576K
GC Heap History (20 events):
Event: 2.768 GC heap before
{Heap before GC invocations=8 (full 0):
 garbage-first heap   total 72704K, used 23811K [0x0000000085200000, 0x0000000100000000)
  region size 1024K, 5 young (5120K), 2 survivors (2048K)
 Metaspace       used 35536K, committed 36096K, reserved 1114112K
  class space    used 4804K, committed 5056K, reserved 1048576K
}
Event: 2.771 GC heap after
{Heap after GC invocations=9 (full 0):
 garbage-first heap   total 72704K, used 21524K [0x0000000085200000, 0x0000000100000000)
  region size 1024K, 2 young (2048K), 2 survivors (2048K)
 Metaspace       used 35536K, committed 36096K, reserved 1114112K
  class space    used 4804K, committed 5056K, reserved 1048576K
}
Event: 3.278 GC heap before
{Heap before GC invocations=10 (full 0):
 garbage-first heap   total 72704K, used 54292K [0x0000000085200000, 0x0000000100000000)
  region size 1024K, 34 young (34816K), 2 survivors (2048K)
 Metaspace       used 44047K, committed 44608K, reserved 1114112K
  class space    used 6010K, committed 6272K, reserved 1048576K
}
Event: 3.281 GC heap after
{Heap after GC invocations=11 (full 0):
 garbage-first heap   total 72704K, used 23274K [0x0000000085200000, 0x0000000100000000)
  region size 1024K, 4 young (4096K), 4 survivors (4096K)
 Metaspace       used 44047K, committed 44608K, reserved 1114112K
  class space    used 6010K, committed 6272K, reserved 1048576K
}
Event: 3.788 GC heap before
{Heap before GC invocations=11 (full 0):
 garbage-first heap   total 72704K, used 55018K [0x0000000085200000, 0x0000000100000000)
  region size 1024K, 35 young (35840K), 4 survivors (4096K)
 Metaspace       used 52335K, committed 52928K, reserved 1114112K
  class space    used 7187K, committed 7424K, reserved 1048576K
}
Event: 3.793 GC heap after
{Heap after GC invocations=12 (full 0):
 garbage-first heap   total 72704K, used 24956K [0x0000000085200000, 0x0000000100000000)
  region size 1024K, 4 young (4096K), 4 survivors (4096K)
 Metaspace       used 52335K, committed 52928K, reserved 1114112K
  class space    used 7187K, committed 7424K, reserved 1048576K
}
Event: 4.254 GC heap before
{Heap before GC invocations=12 (full 0):
 garbage-first heap   total 72704K, used 56700K [0x0000000085200000, 0x0000000100000000)
  region size 1024K, 35 young (35840K), 4 survivors (4096K)
 Metaspace       used 58200K, committed 58880K, reserved 1114112K
  class space    used 8159K, committed 8448K, reserved 1048576K
}
Event: 4.258 GC heap after
{Heap after GC invocations=13 (full 0):
 garbage-first heap   total 72704K, used 26558K [0x0000000085200000, 0x0000000100000000)
  region size 1024K, 4 young (4096K), 4 survivors (4096K)
 Metaspace       used 58200K, committed 58880K, reserved 1114112K
  class space    used 8159K, committed 8448K, reserved 1048576K
}
Event: 4.340 GC heap before
{Heap before GC invocations=13 (full 0):
 garbage-first heap   total 72704K, used 35774K [0x0000000085200000, 0x0000000100000000)
  region size 1024K, 14 young (14336K), 4 survivors (4096K)
 Metaspace       used 59826K, committed 60416K, reserved 1114112K
  class space    used 8300K, committed 8576K, reserved 1048576K
}
Event: 4.344 GC heap after
{Heap after GC invocations=14 (full 0):
 garbage-first heap   total 72704K, used 27367K [0x0000000085200000, 0x0000000100000000)
  region size 1024K, 3 young (3072K), 3 survivors (3072K)
 Metaspace       used 59826K, committed 60416K, reserved 1114112K
  class space    used 8300K, committed 8576K, reserved 1048576K
}
Event: 4.551 GC heap before
{Heap before GC invocations=15 (full 0):
 garbage-first heap   total 72704K, used 53991K [0x0000000085200000, 0x0000000100000000)
  region size 1024K, 29 young (29696K), 3 survivors (3072K)
 Metaspace       used 61800K, committed 62464K, reserved 1114112K
  class space    used 8693K, committed 9024K, reserved 1048576K
}
Event: 4.555 GC heap after
{Heap after GC invocations=16 (full 0):
 garbage-first heap   total 72704K, used 28661K [0x0000000085200000, 0x0000000100000000)
  region size 1024K, 3 young (3072K), 3 survivors (3072K)
 Metaspace       used 61800K, committed 62464K, reserved 1114112K
  class space    used 8693K, committed 9024K, reserved 1048576K
}
Event: 4.557 GC heap before
{Heap before GC invocations=16 (full 0):
 garbage-first heap   total 72704K, used 29685K [0x0000000085200000, 0x0000000100000000)
  region size 1024K, 4 young (4096K), 3 survivors (3072K)
 Metaspace       used 61800K, committed 62464K, reserved 1114112K
  class space    used 8693K, committed 9024K, reserved 1048576K
}
Event: 4.560 GC heap after
{Heap after GC invocations=17 (full 0):
 garbage-first heap   total 92160K, used 28511K [0x0000000085200000, 0x0000000100000000)
  region size 1024K, 1 young (1024K), 1 survivors (1024K)
 Metaspace       used 61800K, committed 62464K, reserved 1114112K
  class space    used 8693K, committed 9024K, reserved 1048576K
}
Event: 4.801 GC heap before
{Heap before GC invocations=17 (full 0):
 garbage-first heap   total 92160K, used 68447K [0x0000000085200000, 0x0000000100000000)
  region size 1024K, 41 young (41984K), 1 survivors (1024K)
 Metaspace       used 65267K, committed 66048K, reserved 1114112K
  class space    used 9373K, committed 9728K, reserved 1048576K
}
Event: 4.804 GC heap after
{Heap after GC invocations=18 (full 0):
 garbage-first heap   total 92160K, used 30961K [0x0000000085200000, 0x0000000100000000)
  region size 1024K, 3 young (3072K), 3 survivors (3072K)
 Metaspace       used 65267K, committed 66048K, reserved 1114112K
  class space    used 9373K, committed 9728K, reserved 1048576K
}
Event: 5.175 GC heap before
{Heap before GC invocations=18 (full 0):
 garbage-first heap   total 92160K, used 70897K [0x0000000085200000, 0x0000000100000000)
  region size 1024K, 42 young (43008K), 3 survivors (3072K)
 Metaspace       used 69795K, committed 70464K, reserved 1114112K
  class space    used 9975K, committed 10304K, reserved 1048576K
}
Event: 5.180 GC heap after
{Heap after GC invocations=19 (full 0):
 garbage-first heap   total 92160K, used 33610K [0x0000000085200000, 0x0000000100000000)
  region size 1024K, 6 young (6144K), 6 survivors (6144K)
 Metaspace       used 69795K, committed 70464K, reserved 1114112K
  class space    used 9975K, committed 10304K, reserved 1048576K
}
Event: 5.679 GC heap before
{Heap before GC invocations=19 (full 0):
 garbage-first heap   total 92160K, used 71498K [0x0000000085200000, 0x0000000100000000)
  region size 1024K, 43 young (44032K), 6 survivors (6144K)
 Metaspace       used 72510K, committed 73344K, reserved 1114112K
  class space    used 10378K, committed 10752K, reserved 1048576K
}
Event: 5.689 GC heap after
{Heap after GC invocations=20 (full 0):
 garbage-first heap   total 92160K, used 36944K [0x0000000085200000, 0x0000000100000000)
  region size 1024K, 6 young (6144K), 6 survivors (6144K)
 Metaspace       used 72510K, committed 73344K, reserved 1114112K
  class space    used 10378K, committed 10752K, reserved 1048576K
}

