# JRE version: Java(TM) SE Runtime Environment (19.0.1+10) (build 19.0.1+10-21)
# Java VM: Java HotSpot(TM) 64-Bit Server VM (19.0.1+10-21, mixed mode, emulated-client, sharing, tiered, compressed oops, compressed class ptrs, g1 gc, windows-amd64)
GC Precious Log:
 CardTable entry size: 512
 Card Set container configuration: InlinePtr #cards 5 size 8 Array Of Cards #cards 12 size 40 Howl #buckets 4 coarsen threshold 1843 Howl Bitmap #cards 512 size 80 coarsen threshold 460 Card regions per heap region 1 cards per card region 2048
 CPUs: 12 total, 12 available
 Memory: 7863M
 Large Page Support: Disabled
 NUMA Support: Disabled
 Compressed Oops: Enabled (32-bit)
 Heap Region Size: 1M
 Heap Min Capacity: 8M
 Heap Initial Capacity: 124M
 Heap Max Capacity: 1966M
 Pre-touch: Disabled
 Parallel Workers: 10
 Concurrent Workers: 3
 Concurrent Refinement Workers: 10
 Periodic GC: Disabled
Heap:
 garbage-first heap   total 121856K, used 71339K [0x0000000085200000, 0x0000000100000000)
  region size 1024K, 45 young (46080K), 1 survivors (1024K)
 Metaspace       used 66094K, committed 66816K, reserved 1114112K
  class space    used 9488K, committed 9856K, reserved 1048576K
GC Heap History (20 events):
Event: 2.451 GC heap before
{Heap before GC invocations=6 (full 0):
 garbage-first heap   total 56320K, used 39433K [0x0000000085200000, 0x0000000100000000)
  region size 1024K, 23 young (23552K), 2 survivors (2048K)
 Metaspace       used 30833K, committed 31360K, reserved 1114112K
  class space    used 4179K, committed 4416K, reserved 1048576K
}
Event: 2.455 GC heap after
{Heap after GC invocations=7 (full 0):
 garbage-first heap   total 56320K, used 19968K [0x0000000085200000, 0x0000000100000000)
  region size 1024K, 3 young (3072K), 3 survivors (3072K)
 Metaspace       used 30833K, committed 31360K, reserved 1114112K
  class space    used 4179K, committed 4416K, reserved 1048576K
}
Event: 2.654 GC heap before
{Heap before GC invocations=7 (full 0):
 garbage-first heap   total 56320K, used 40448K [0x0000000085200000, 0x0000000100000000)
  region size 1024K, 23 young (23552K), 3 survivors (3072K)
 Metaspace       used 33754K, committed 34368K, reserved 1114112K
  class space    used 4571K, committed 4864K, reserved 1048576K
}
Event: 2.659 GC heap after
{Heap after GC invocations=8 (full 0):
 garbage-first heap   total 67584K, used 21486K [0x0000000085200000, 0x0000000100000000)
  region size 1024K, 2 young (2048K), 2 survivors (2048K)
 Metaspace       used 33754K, committed 34368K, reserved 1114112K
  class space    used 4571K, committed 4864K, reserved 1048576K
}
Event: 2.815 GC heap before
{Heap before GC invocations=8 (full 0):
 garbage-first heap   total 67584K, used 33774K [0x0000000085200000, 0x0000000100000000)
  region size 1024K, 15 young (15360K), 2 survivors (2048K)
 Metaspace       used 35550K, committed 36160K, reserved 1114112K
  class space    used 4804K, committed 5120K, reserved 1048576K
}
Event: 2.819 GC heap after
{Heap after GC invocations=9 (full 0):
 garbage-first heap   total 67584K, used 22177K [0x0000000085200000, 0x0000000100000000)
  region size 1024K, 3 young (3072K), 3 survivors (3072K)
 Metaspace       used 35550K, committed 36160K, reserved 1114112K
  class space    used 4804K, committed 5120K, reserved 1048576K
}
Event: 3.309 GC heap before
{Heap before GC invocations=10 (full 0):
 garbage-first heap   total 67584K, used 49825K [0x0000000085200000, 0x0000000100000000)
  region size 1024K, 30 young (30720K), 3 survivors (3072K)
 Metaspace       used 42671K, committed 43264K, reserved 1114112K
  class space    used 5802K, committed 6080K, reserved 1048576K
}
Event: 3.313 GC heap after
{Heap after GC invocations=11 (full 0):
 garbage-first heap   total 67584K, used 23613K [0x0000000085200000, 0x0000000100000000)
  region size 1024K, 4 young (4096K), 4 survivors (4096K)
 Metaspace       used 42671K, committed 43264K, reserved 1114112K
  class space    used 5802K, committed 6080K, reserved 1048576K
}
Event: 3.330 GC heap before
{Heap before GC invocations=11 (full 0):
 garbage-first heap   total 67584K, used 24637K [0x0000000085200000, 0x0000000100000000)
  region size 1024K, 5 young (5120K), 4 survivors (4096K)
 Metaspace       used 42858K, committed 43456K, reserved 1114112K
  class space    used 5833K, committed 6144K, reserved 1048576K
}
Event: 3.334 GC heap after
{Heap after GC invocations=12 (full 0):
 garbage-first heap   total 67584K, used 23491K [0x0000000085200000, 0x0000000100000000)
  region size 1024K, 1 young (1024K), 1 survivors (1024K)
 Metaspace       used 42858K, committed 43456K, reserved 1114112K
  class space    used 5833K, committed 6144K, reserved 1048576K
}
Event: 3.773 GC heap before
{Heap before GC invocations=12 (full 0):
 garbage-first heap   total 67584K, used 50115K [0x0000000085200000, 0x0000000100000000)
  region size 1024K, 28 young (28672K), 1 survivors (1024K)
 Metaspace       used 49386K, committed 50048K, reserved 1114112K
  class space    used 6691K, committed 6976K, reserved 1048576K
}
Event: 3.775 GC heap after
{Heap after GC invocations=13 (full 0):
 garbage-first heap   total 67584K, used 24779K [0x0000000085200000, 0x0000000100000000)
  region size 1024K, 2 young (2048K), 2 survivors (2048K)
 Metaspace       used 49386K, committed 50048K, reserved 1114112K
  class space    used 6691K, committed 6976K, reserved 1048576K
}
Event: 4.221 GC heap before
{Heap before GC invocations=13 (full 0):
 garbage-first heap   total 67584K, used 51403K [0x0000000085200000, 0x0000000100000000)
  region size 1024K, 29 young (29696K), 2 survivors (2048K)
 Metaspace       used 55369K, committed 56000K, reserved 1114112K
  class space    used 7727K, committed 8000K, reserved 1048576K
}
Event: 4.223 GC heap after
{Heap after GC invocations=14 (full 0):
 garbage-first heap   total 67584K, used 25754K [0x0000000085200000, 0x0000000100000000)
  region size 1024K, 3 young (3072K), 3 survivors (3072K)
 Metaspace       used 55369K, committed 56000K, reserved 1114112K
  class space    used 7727K, committed 8000K, reserved 1048576K
}
Event: 4.576 GC heap before
{Heap before GC invocations=14 (full 0):
 garbage-first heap   total 67584K, used 46234K [0x0000000085200000, 0x0000000100000000)
  region size 1024K, 25 young (25600K), 3 survivors (3072K)
 Metaspace       used 59905K, committed 60480K, reserved 1114112K
  class space    used 8306K, committed 8576K, reserved 1048576K
}
Event: 4.582 GC heap after
{Heap after GC invocations=15 (full 0):
 garbage-first heap   total 67584K, used 27517K [0x0000000085200000, 0x0000000100000000)
  region size 1024K, 3 young (3072K), 3 survivors (3072K)
 Metaspace       used 59905K, committed 60480K, reserved 1114112K
  class space    used 8306K, committed 8576K, reserved 1048576K
}
Event: 4.778 GC heap before
{Heap before GC invocations=16 (full 0):
 garbage-first heap   total 67584K, used 53117K [0x0000000085200000, 0x0000000100000000)
  region size 1024K, 28 young (28672K), 3 survivors (3072K)
 Metaspace       used 61793K, committed 62464K, reserved 1114112K
  class space    used 8687K, committed 9024K, reserved 1048576K
}
Event: 4.783 GC heap after
{Heap after GC invocations=17 (full 0):
 garbage-first heap   total 121856K, used 28639K [0x0000000085200000, 0x0000000100000000)
  region size 1024K, 3 young (3072K), 3 survivors (3072K)
 Metaspace       used 61793K, committed 62464K, reserved 1114112K
  class space    used 8687K, committed 9024K, reserved 1048576K
}
Event: 4.787 GC heap before
{Heap before GC invocations=17 (full 0):
 garbage-first heap   total 121856K, used 30687K [0x0000000085200000, 0x0000000100000000)
  region size 1024K, 5 young (5120K), 3 survivors (3072K)
 Metaspace       used 61793K, committed 62464K, reserved 1114112K
  class space    used 8687K, committed 9024K, reserved 1048576K
}
Event: 4.791 GC heap after
{Heap after GC invocations=18 (full 0):
 garbage-first heap   total 121856K, used 28331K [0x0000000085200000, 0x0000000100000000)
  region size 1024K, 1 young (1024K), 1 survivors (1024K)
 Metaspace       used 61793K, committed 62464K, reserved 1114112K
  class space    used 8687K, committed 9024K, reserved 1048576K
}

